<?xml version="1.0" encoding="UTF-8"?>
<!-- Generated by org.testng.reporters.JUnitReportReporter -->
<testsuite hostname="DESKTOP-45OVN92" failures="0" tests="2" name="first.CodingTest" time="12.351" errors="0" timestamp="2022-09-30T16:07:46 IST" skipped="0">
  <testcase classname="first.CodingTest" name="relesecountry" time="7.916"/>
  <system-out/>
  <testcase classname="first.CodingTest" name="releasedate" time="4.435"/>
  <system-out/>
</testsuite> <!-- first.CodingTest -->
