<?xml version="1.0" encoding="UTF-8"?>
<!-- Generated by org.testng.reporters.JUnitReportReporter -->
<testsuite hostname="DESKTOP-45OVN92" failures="0" tests="1" name="requests.GetRequest" time="3.923" errors="0" timestamp="2022-09-05T16:17:57 IST" skipped="0">
  <testcase classname="requests.GetRequest" name="get" time="3.923"/>
  <system-out/>
</testsuite> <!-- requests.GetRequest -->
