<?xml version="1.0" encoding="UTF-8"?>
<!-- Generated by org.testng.reporters.JUnitReportReporter -->
<testsuite hostname="DESKTOP-45OVN92" failures="0" tests="1" name="requests.PostRequest" time="4.917" errors="0" timestamp="2022-09-05T16:16:37 IST" skipped="0">
  <testcase classname="requests.PostRequest" name="post" time="4.917"/>
  <system-out/>
</testsuite> <!-- requests.PostRequest -->
