<?xml version="1.0" encoding="UTF-8"?>
<!-- Generated by org.testng.reporters.JUnitReportReporter -->
<testsuite hostname="DESKTOP-45OVN92" failures="0" tests="1" name="requests.GetReques2" time="16.165" errors="0" timestamp="2022-09-30T18:25:36 IST" skipped="0">
  <testcase classname="requests.GetReques2" name="test" time="16.165"/>
  <system-out/>
</testsuite> <!-- requests.GetReques2 -->
